startkde: Starting up...
error: failed to retrieve mirror data: (<urlopen error [Errno -2] Name or service not known>)

2018-02-14T14:35:34 Checking update-file '/usr/share/kconf_update/akonadiconsole.upd' for new updates
2018-02-14T14:35:34 Checking update-file '/usr/share/kconf_update/akregator.upd' for new updates
2018-02-14T14:35:34 Checking update-file '/usr/share/kconf_update/disable_kmix.upd' for new updates
2018-02-14T14:35:34 Checking update-file '/usr/share/kconf_update/fonts_akregator.upd' for new updates
2018-02-14T14:35:34 Checking update-file '/usr/share/kconf_update/fonts_global.upd' for new updates
2018-02-14T14:35:34 Checking update-file '/usr/share/kconf_update/fonts_global_toolbar.upd' for new updates
2018-02-14T14:35:34 Checking update-file '/usr/share/kconf_update/fonts_kate.upd' for new updates
2018-02-14T14:35:34 Checking update-file '/usr/share/kconf_update/gtkbreeze5.5.upd' for new updates
2018-02-14T14:35:34 Checking update-file '/usr/share/kconf_update/importwizard.upd' for new updates
2018-02-14T14:35:34 Checking update-file '/usr/share/kconf_update/kaddressbook.upd' for new updates
2018-02-14T14:35:34 Checking update-file '/usr/share/kconf_update/kalarm.upd' for new updates
2018-02-14T14:35:34 Checking update-file '/usr/share/kconf_update/katomic-levelset.upd' for new updates
2018-02-14T14:35:34 Checking update-file '/usr/share/kconf_update/kcalcrc.upd' for new updates
2018-02-14T14:35:34 Checking update-file '/usr/share/kconf_update/kde4breeze.upd' for new updates
2018-02-14T14:35:34 Checking update-file '/usr/share/kconf_update/kget.upd' for new updates
2018-02-14T14:35:34 Checking update-file '/usr/share/kconf_update/kgthemeprovider-migration.upd' for new updates
2018-02-14T14:35:34 Checking update-file '/usr/share/kconf_update/kleopatra.upd' for new updates
2018-02-14T14:35:34 Checking update-file '/usr/share/kconf_update/klickety.upd' for new updates
2018-02-14T14:35:34 Checking update-file '/usr/share/kconf_update/kmail.upd' for new updates
2018-02-14T14:35:34 Checking update-file '/usr/share/kconf_update/kmail2.upd' for new updates
2018-02-14T14:35:34 Checking update-file '/usr/share/kconf_update/knavalbattle.upd' for new updates
2018-02-14T14:35:34 Checking update-file '/usr/share/kconf_update/knotes.upd' for new updates
2018-02-14T14:35:34 Checking update-file '/usr/share/kconf_update/kontact.upd' for new updates
2018-02-14T14:35:34 Checking update-file '/usr/share/kconf_update/korganizer.upd' for new updates
2018-02-14T14:35:34 Checking update-file '/usr/share/kconf_update/krdb_libpathwipe.upd' for new updates
2018-02-14T14:35:34 Checking update-file '/usr/share/kconf_update/krunnerplugins.upd' for new updates
2018-02-14T14:35:34 Checking update-file '/usr/share/kconf_update/kscreenlocker.upd' for new updates
2018-02-14T14:35:34 Checking update-file '/usr/share/kconf_update/messageviewer.upd' for new updates
2018-02-14T14:35:34 Checking update-file '/usr/share/kconf_update/okular.upd' for new updates
2018-02-14T14:35:34 Checking update-file '/usr/share/kconf_update/pimsettingexporter.upd' for new updates
2018-02-14T14:35:34 Checking update-file '/usr/share/kconf_update/powerdevil_move_shortcuts.upd' for new updates
2018-02-14T14:35:34 Checking update-file '/usr/share/kconf_update/sieveeditor.upd' for new updates
2018-02-14T14:35:34 Checking update-file '/usr/share/kconf_update/webengineurlinterceptoradblock.upd' for new updates
OpenGL vendor string:                   Intel Open Source Technology Center
OpenGL renderer string:                 Mesa DRI Intel(R) HD Graphics 515 (Skylake GT2) 
OpenGL version string:                  3.0 Mesa 17.3.3
OpenGL shading language version string: 1.30
Driver:                                 Intel
GPU class:                              Unknown
OpenGL version:                         3.0
GLSL version:                           1.30
Mesa version:                           17.3.3
X server version:                       1.19.6
Linux kernel version:                   4.15
Requires strict binding:                yes
GLSL shaders:                           yes
Texture NPOT support:                   yes
Virtual Machine:                        no
[902:937:0214/143558.863817:ERROR:connection_factory_impl.cc(381)] Failed to connect to MCS endpoint with error -106
[902:902:0214/143600.032087:ERROR:display_info_provider_aura.cc(31)] Not implemented reached in virtual void extensions::DisplayInfoProviderAura::UpdateDisplayUnitInfoForPlatform(const display::Display &, extensions::api::system_display::DisplayUnitInfo *)
[902:937:0214/143600.546416:ERROR:service_manager.cc(158)] Connection InterfaceProviderSpec prevented service: content_browser from binding interface: content::mojom::Child exposed by: nacl_loader
[902:937:0214/143600.546504:ERROR:service_manager.cc(158)] Connection InterfaceProviderSpec prevented service: content_browser from binding interface: content::mojom::ChildControl exposed by: nacl_loader
[1,4049872960:21:36:00.601662] Native Client module will be loaded at base address 0x0000160b00000000
[902:937:0214/143600.608161:ERROR:service_manager.cc(158)] Connection InterfaceProviderSpec prevented service: content_browser from binding interface: content::mojom::ChildHistogramFetcherFactory exposed by: nacl_loader
[1:16:0214/143601.309640:ERROR:adm_helpers.cc(73)] Failed to query stereo recording.
[902:937:0214/143626.978375:ERROR:connection_factory_impl.cc(381)] Failed to connect to MCS endpoint with error -106
[902:902:0214/143632.495479:ERROR:account_tracker.cc(278)] OnGetTokenFailure: Connection failed (-106).
[902:902:0214/143632.495557:ERROR:account_tracker.cc(278)] OnGetTokenFailure: Connection failed (-106).
[902:937:0214/143717.594381:ERROR:connection_factory_impl.cc(381)] Failed to connect to MCS endpoint with error -106
[902:902:0214/143756.821035:ERROR:navigation_entry_screenshot_manager.cc(135)] Invalid entry with unique id: 28
